<?xml version="1.0" encoding="UTF-8"?>
<!-- Generated by org.testng.reporters.JUnitXMLReporter -->
<testsuite hostname="ASDP1724PO02529" ignored="0" name="Default test" tests="6" failures="0" timestamp="21 Jun 2018 12:25:29 GMT" time="7.142" errors="0">
  <testcase name="start_page" time="4.251" classname="tatoc_tetsng.tatoc_testng"/>
  <testcase name="grid_gate" time="0.22" classname="tatoc_tetsng.tatoc_testng"/>
  <testcase name="frame_dungeon" time="0.75" classname="tatoc_tetsng.tatoc_testng"/>
  <testcase name="drag_around" time="0.244" classname="tatoc_tetsng.tatoc_testng"/>
  <testcase name="pop_up_window" time="1.403" classname="tatoc_tetsng.tatoc_testng"/>
  <testcase name="cookie_handling" time="0.203" classname="tatoc_tetsng.tatoc_testng"/>
</testsuite> <!-- Default test -->
