<?xml version="1.0" encoding="UTF-8"?>
<testng-results skipped="0" failed="0" ignored="0" total="3" passed="3">
  <reporter-output>
  </reporter-output>
  <suite name="Default suite" duration-ms="36778" started-at="2018-06-26T06:59:01Z" finished-at="2018-06-26T06:59:38Z">
    <groups>
    </groups>
    <test name="Default test" duration-ms="36778" started-at="2018-06-26T06:59:01Z" finished-at="2018-06-26T06:59:38Z">
      <class name="com.QAIT.Hris_maven.Hris_maven.hris_main">
        <test-method status="PASS" signature="launchBrowser()[pri:0, instance:com.QAIT.Hris_maven.Hris_maven.hris_main@47c62251]" name="launchBrowser" is-config="true" duration-ms="5121" started-at="2018-06-26T06:59:01Z" finished-at="2018-06-26T06:59:06Z">
          <reporter-output>
          </reporter-output>
        </test-method> <!-- launchBrowser -->
        <test-method status="PASS" signature="attempt_Login_With_Incorrect_Password_Should_Render_Error_Message()[pri:1, instance:com.QAIT.Hris_maven.Hris_maven.hris_main@47c62251]" name="attempt_Login_With_Incorrect_Password_Should_Render_Error_Message" duration-ms="1812" started-at="2018-06-26T06:59:06Z" finished-at="2018-06-26T06:59:08Z">
          <reporter-output>
          </reporter-output>
        </test-method> <!-- attempt_Login_With_Incorrect_Password_Should_Render_Error_Message -->
        <test-method status="PASS" signature="closeBrowser()[pri:0, instance:com.QAIT.Hris_maven.Hris_maven.hris_main@47c62251]" name="closeBrowser" is-config="true" duration-ms="4670" started-at="2018-06-26T06:59:08Z" finished-at="2018-06-26T06:59:13Z">
          <reporter-output>
          </reporter-output>
        </test-method> <!-- closeBrowser -->
        <test-method status="PASS" signature="launchBrowser()[pri:0, instance:com.QAIT.Hris_maven.Hris_maven.hris_main@47c62251]" name="launchBrowser" is-config="true" duration-ms="5578" started-at="2018-06-26T06:59:13Z" finished-at="2018-06-26T06:59:19Z">
          <reporter-output>
          </reporter-output>
        </test-method> <!-- launchBrowser -->
        <test-method status="PASS" signature="attempt_Login_With_correct_Password_Should_Take_U_To_Timesheet_Page()[pri:2, instance:com.QAIT.Hris_maven.Hris_maven.hris_main@47c62251]" name="attempt_Login_With_correct_Password_Should_Take_U_To_Timesheet_Page" duration-ms="4706" started-at="2018-06-26T06:59:19Z" finished-at="2018-06-26T06:59:23Z">
          <reporter-output>
          </reporter-output>
        </test-method> <!-- attempt_Login_With_correct_Password_Should_Take_U_To_Timesheet_Page -->
        <test-method status="PASS" signature="closeBrowser()[pri:0, instance:com.QAIT.Hris_maven.Hris_maven.hris_main@47c62251]" name="closeBrowser" is-config="true" duration-ms="4667" started-at="2018-06-26T06:59:23Z" finished-at="2018-06-26T06:59:28Z">
          <reporter-output>
          </reporter-output>
        </test-method> <!-- closeBrowser -->
        <test-method status="PASS" signature="launchBrowser()[pri:0, instance:com.QAIT.Hris_maven.Hris_maven.hris_main@47c62251]" name="launchBrowser" is-config="true" duration-ms="5169" started-at="2018-06-26T06:59:28Z" finished-at="2018-06-26T06:59:33Z">
          <reporter-output>
          </reporter-output>
        </test-method> <!-- launchBrowser -->
        <test-method status="PASS" signature="attempt_Login_With_No_Password_Should_Annotate_Blank_Password_Field()[pri:3, instance:com.QAIT.Hris_maven.Hris_maven.hris_main@47c62251]" name="attempt_Login_With_No_Password_Should_Annotate_Blank_Password_Field" duration-ms="354" started-at="2018-06-26T06:59:33Z" finished-at="2018-06-26T06:59:33Z">
          <reporter-output>
          </reporter-output>
        </test-method> <!-- attempt_Login_With_No_Password_Should_Annotate_Blank_Password_Field -->
        <test-method status="PASS" signature="closeBrowser()[pri:0, instance:com.QAIT.Hris_maven.Hris_maven.hris_main@47c62251]" name="closeBrowser" is-config="true" duration-ms="4668" started-at="2018-06-26T06:59:33Z" finished-at="2018-06-26T06:59:38Z">
          <reporter-output>
          </reporter-output>
        </test-method> <!-- closeBrowser -->
      </class> <!-- com.QAIT.Hris_maven.Hris_maven.hris_main -->
    </test> <!-- Default test -->
  </suite> <!-- Default suite -->
</testng-results>
