<?xml version="1.0" encoding="UTF-8"?>
<testng-results skipped="0" failed="0" ignored="0" total="6" passed="6">
  <reporter-output>
  </reporter-output>
  <suite name="Default suite" duration-ms="7142" started-at="2018-06-21T12:25:22Z" finished-at="2018-06-21T12:25:29Z">
    <groups>
    </groups>
    <test name="Default test" duration-ms="7142" started-at="2018-06-21T12:25:22Z" finished-at="2018-06-21T12:25:29Z">
      <class name="tatoc_tetsng.tatoc_testng">
        <test-method status="PASS" signature="start_page()[pri:0, instance:tatoc_tetsng.tatoc_testng@8bd1b6a]" name="start_page" duration-ms="4251" started-at="2018-06-21T12:25:22Z" finished-at="2018-06-21T12:25:26Z">
          <reporter-output>
          </reporter-output>
        </test-method> <!-- start_page -->
        <test-method status="PASS" signature="check()[pri:0, instance:tatoc_tetsng.tatoc_testng@8bd1b6a]" name="check" is-config="true" duration-ms="11" started-at="2018-06-21T12:25:26Z" finished-at="2018-06-21T12:25:26Z">
          <reporter-output>
          </reporter-output>
        </test-method> <!-- check -->
        <test-method status="PASS" signature="grid_gate()[pri:0, instance:tatoc_tetsng.tatoc_testng@8bd1b6a]" name="grid_gate" duration-ms="220" started-at="2018-06-21T12:25:26Z" depends-on-methods="tatoc_tetsng.tatoc_testng.start_page" finished-at="2018-06-21T12:25:26Z">
          <reporter-output>
          </reporter-output>
        </test-method> <!-- grid_gate -->
        <test-method status="PASS" signature="check()[pri:0, instance:tatoc_tetsng.tatoc_testng@8bd1b6a]" name="check" is-config="true" duration-ms="5" started-at="2018-06-21T12:25:26Z" finished-at="2018-06-21T12:25:26Z">
          <reporter-output>
          </reporter-output>
        </test-method> <!-- check -->
        <test-method status="PASS" signature="frame_dungeon()[pri:0, instance:tatoc_tetsng.tatoc_testng@8bd1b6a]" name="frame_dungeon" duration-ms="750" started-at="2018-06-21T12:25:26Z" depends-on-methods="tatoc_tetsng.tatoc_testng.grid_gate" finished-at="2018-06-21T12:25:27Z">
          <reporter-output>
          </reporter-output>
        </test-method> <!-- frame_dungeon -->
        <test-method status="PASS" signature="check()[pri:0, instance:tatoc_tetsng.tatoc_testng@8bd1b6a]" name="check" is-config="true" duration-ms="6" started-at="2018-06-21T12:25:27Z" finished-at="2018-06-21T12:25:27Z">
          <reporter-output>
          </reporter-output>
        </test-method> <!-- check -->
        <test-method status="PASS" signature="drag_around()[pri:0, instance:tatoc_tetsng.tatoc_testng@8bd1b6a]" name="drag_around" duration-ms="244" started-at="2018-06-21T12:25:27Z" depends-on-methods="tatoc_tetsng.tatoc_testng.frame_dungeon" finished-at="2018-06-21T12:25:27Z">
          <reporter-output>
          </reporter-output>
        </test-method> <!-- drag_around -->
        <test-method status="PASS" signature="check()[pri:0, instance:tatoc_tetsng.tatoc_testng@8bd1b6a]" name="check" is-config="true" duration-ms="7" started-at="2018-06-21T12:25:27Z" finished-at="2018-06-21T12:25:27Z">
          <reporter-output>
          </reporter-output>
        </test-method> <!-- check -->
        <test-method status="PASS" signature="pop_up_window()[pri:0, instance:tatoc_tetsng.tatoc_testng@8bd1b6a]" name="pop_up_window" duration-ms="1403" started-at="2018-06-21T12:25:27Z" depends-on-methods="tatoc_tetsng.tatoc_testng.drag_around" finished-at="2018-06-21T12:25:29Z">
          <reporter-output>
          </reporter-output>
        </test-method> <!-- pop_up_window -->
        <test-method status="PASS" signature="check()[pri:0, instance:tatoc_tetsng.tatoc_testng@8bd1b6a]" name="check" is-config="true" duration-ms="5" started-at="2018-06-21T12:25:29Z" finished-at="2018-06-21T12:25:29Z">
          <reporter-output>
          </reporter-output>
        </test-method> <!-- check -->
        <test-method status="PASS" signature="cookie_handling()[pri:0, instance:tatoc_tetsng.tatoc_testng@8bd1b6a]" name="cookie_handling" duration-ms="203" started-at="2018-06-21T12:25:29Z" depends-on-methods="tatoc_tetsng.tatoc_testng.pop_up_window" finished-at="2018-06-21T12:25:29Z">
          <reporter-output>
          </reporter-output>
        </test-method> <!-- cookie_handling -->
        <test-method status="PASS" signature="check()[pri:0, instance:tatoc_tetsng.tatoc_testng@8bd1b6a]" name="check" is-config="true" duration-ms="7" started-at="2018-06-21T12:25:29Z" finished-at="2018-06-21T12:25:29Z">
          <reporter-output>
          </reporter-output>
        </test-method> <!-- check -->
      </class> <!-- tatoc_tetsng.tatoc_testng -->
    </test> <!-- Default test -->
  </suite> <!-- Default suite -->
</testng-results>
